CRITICAL - 2020-05-21 13:05:33 --> syntax error, unexpected 'view' (T_STRING)
#0 C:\xampp\htdocs\web-kawalcorona\system\Autoloader\Autoloader.php(296): CodeIgniter\Autoloader\Autoloader->requireFile('C:\\xampp\\htdocs...')
#1 C:\xampp\htdocs\web-kawalcorona\system\Autoloader\Autoloader.php(258): CodeIgniter\Autoloader\Autoloader->loadInNamespace('App\\Controllers...')
#2 [internal function]: CodeIgniter\Autoloader\Autoloader->loadClass('App\\Controllers...')
#3 [internal function]: spl_autoload_call('App\\Controllers...')
#4 C:\xampp\htdocs\web-kawalcorona\system\CodeIgniter.php(865): class_exists('\\App\\Controller...', true)
#5 C:\xampp\htdocs\web-kawalcorona\system\CodeIgniter.php(390): CodeIgniter\CodeIgniter->startController()
#6 C:\xampp\htdocs\web-kawalcorona\system\CodeIgniter.php(308): CodeIgniter\CodeIgniter->handleRequest(NULL, Object(Config\Cache), false)
#7 C:\xampp\htdocs\web-kawalcorona\public\index.php(45): CodeIgniter\CodeIgniter->run()
#8 {main}
CRITICAL - 2020-05-21 13:05:42 --> syntax error, unexpected 'view' (T_STRING)
#0 C:\xampp\htdocs\web-kawalcorona\system\Autoloader\Autoloader.php(296): CodeIgniter\Autoloader\Autoloader->requireFile('C:\\xampp\\htdocs...')
#1 C:\xampp\htdocs\web-kawalcorona\system\Autoloader\Autoloader.php(258): CodeIgniter\Autoloader\Autoloader->loadInNamespace('App\\Controllers...')
#2 [internal function]: CodeIgniter\Autoloader\Autoloader->loadClass('App\\Controllers...')
#3 [internal function]: spl_autoload_call('App\\Controllers...')
#4 C:\xampp\htdocs\web-kawalcorona\system\CodeIgniter.php(865): class_exists('\\App\\Controller...', true)
#5 C:\xampp\htdocs\web-kawalcorona\system\CodeIgniter.php(390): CodeIgniter\CodeIgniter->startController()
#6 C:\xampp\htdocs\web-kawalcorona\system\CodeIgniter.php(308): CodeIgniter\CodeIgniter->handleRequest(NULL, Object(Config\Cache), false)
#7 C:\xampp\htdocs\web-kawalcorona\public\index.php(45): CodeIgniter\CodeIgniter->run()
#8 {main}
CRITICAL - 2020-05-21 16:38:21 --> Maximum execution time of 120 seconds exceeded
#0 [internal function]: CodeIgniter\Debug\Exceptions->shutdownHandler()
#1 {main}
CRITICAL - 2020-05-21 17:03:34 --> file_get_contents(https://api.kawalcorona.com/indonesia/): failed to open stream: HTTP request failed!
#0 [internal function]: CodeIgniter\Debug\Exceptions->errorHandler(2, 'file_get_conten...', 'C:\\xampp\\htdocs...', 9, Array)
#1 C:\xampp\htdocs\web-kawalcorona\app\Controllers\Home.php(9): file_get_contents('https://api.kaw...')
#2 C:\xampp\htdocs\web-kawalcorona\system\CodeIgniter.php(914): App\Controllers\Home->index()
#3 C:\xampp\htdocs\web-kawalcorona\system\CodeIgniter.php(400): CodeIgniter\CodeIgniter->runController(Object(App\Controllers\Home))
#4 C:\xampp\htdocs\web-kawalcorona\system\CodeIgniter.php(308): CodeIgniter\CodeIgniter->handleRequest(NULL, Object(Config\Cache), false)
#5 C:\xampp\htdocs\web-kawalcorona\public\index.php(45): CodeIgniter\CodeIgniter->run()
#6 {main}
CRITICAL - 2020-05-21 17:09:14 --> file_get_contents(): SSL: Handshake timed out
#0 [internal function]: CodeIgniter\Debug\Exceptions->errorHandler(2, 'file_get_conten...', 'C:\\xampp\\htdocs...', 9, Array)
#1 C:\xampp\htdocs\web-kawalcorona\app\Controllers\Home.php(9): file_get_contents('https://api.kaw...')
#2 C:\xampp\htdocs\web-kawalcorona\system\CodeIgniter.php(914): App\Controllers\Home->index()
#3 C:\xampp\htdocs\web-kawalcorona\system\CodeIgniter.php(400): CodeIgniter\CodeIgniter->runController(Object(App\Controllers\Home))
#4 C:\xampp\htdocs\web-kawalcorona\system\CodeIgniter.php(308): CodeIgniter\CodeIgniter->handleRequest(NULL, Object(Config\Cache), false)
#5 C:\xampp\htdocs\web-kawalcorona\public\index.php(45): CodeIgniter\CodeIgniter->run()
#6 {main}
CRITICAL - 2020-05-21 22:32:37 --> Invalid argument supplied for foreach()
#0 C:\xampp\htdocs\web-kawalcorona\app\Views\home.php(65): CodeIgniter\Debug\Exceptions->errorHandler(2, 'Invalid argumen...', 'C:\\xampp\\htdocs...', 65, Array)
#1 C:\xampp\htdocs\web-kawalcorona\system\View\View.php(246): include('C:\\xampp\\htdocs...')
#2 C:\xampp\htdocs\web-kawalcorona\system\Common.php(1087): CodeIgniter\View\View->render('home', Array, true)
#3 C:\xampp\htdocs\web-kawalcorona\app\Views\layout\content.php(3): view('home')
#4 C:\xampp\htdocs\web-kawalcorona\system\View\View.php(246): include('C:\\xampp\\htdocs...')
#5 C:\xampp\htdocs\web-kawalcorona\system\Common.php(1087): CodeIgniter\View\View->render('layout/content....', Array, true)
#6 C:\xampp\htdocs\web-kawalcorona\app\Views\layout\wrapper.php(5): view('layout/content....')
#7 C:\xampp\htdocs\web-kawalcorona\system\View\View.php(246): include('C:\\xampp\\htdocs...')
#8 C:\xampp\htdocs\web-kawalcorona\system\Common.php(1087): CodeIgniter\View\View->render('layout/wrapper', Array, true)
#9 C:\xampp\htdocs\web-kawalcorona\app\Controllers\Home.php(25): view('layout/wrapper', Array)
#10 C:\xampp\htdocs\web-kawalcorona\system\CodeIgniter.php(914): App\Controllers\Home->index2()
#11 C:\xampp\htdocs\web-kawalcorona\system\CodeIgniter.php(400): CodeIgniter\CodeIgniter->runController(Object(App\Controllers\Home))
#12 C:\xampp\htdocs\web-kawalcorona\system\CodeIgniter.php(308): CodeIgniter\CodeIgniter->handleRequest(NULL, Object(Config\Cache), false)
#13 C:\xampp\htdocs\web-kawalcorona\public\index.php(45): CodeIgniter\CodeIgniter->run()
#14 {main}
